<?xml version="1.0" encoding="UTF-8"?>
<testng-results ignored="0" total="1" passed="1" failed="0" skipped="0">
  <reporter-output>
  </reporter-output>
  <suite started-at="2025-08-14T09:46:51 IST" name="Default suite" finished-at="2025-08-14T09:46:56 IST" duration-ms="5164">
    <groups>
    </groups>
    <test started-at="2025-08-14T09:46:51 IST" name="Default test" finished-at="2025-08-14T09:46:56 IST" duration-ms="5164">
      <class name="tests.StandingsValuesRetrieverTest">
        <test-method is-config="true" signature="setUp()[pri:0, instance:tests.StandingsValuesRetrieverTest@131774fe]" started-at="2025-08-14T09:46:51 IST" name="setUp" finished-at="2025-08-14T09:46:55 IST" duration-ms="3496" status="PASS">
          <reporter-output>
          </reporter-output>
        </test-method> <!-- setUp -->
        <test-method signature="testStandingsValuesRetriever()[pri:0, instance:tests.StandingsValuesRetrieverTest@131774fe]" started-at="2025-08-14T09:46:55 IST" name="testStandingsValuesRetriever" finished-at="2025-08-14T09:46:56 IST" duration-ms="1532" status="PASS">
          <reporter-output>
          </reporter-output>
        </test-method> <!-- testStandingsValuesRetriever -->
        <test-method is-config="true" signature="tearDown()[pri:0, instance:tests.StandingsValuesRetrieverTest@131774fe]" started-at="2025-08-14T09:46:56 IST" name="tearDown" finished-at="2025-08-14T09:46:56 IST" duration-ms="99" status="PASS">
          <reporter-output>
          </reporter-output>
        </test-method> <!-- tearDown -->
      </class> <!-- tests.StandingsValuesRetrieverTest -->
    </test> <!-- Default test -->
  </suite> <!-- Default suite -->
</testng-results>
